<?xml version="1.0" encoding="UTF-8"?>
<testsuites name="jest tests" tests="220" failures="0" errors="0" time="2.458">
  <testsuite name="MonacoAssetManager.resolve()" errors="0" failures="0" skipped="0" timestamp="2026-03-10T22:16:04" time="0.403" tests="21">
    <testcase classname="MonacoAssetManager.resolve() returns local baseUrl and isOffline=true when both core files are cached" name="MonacoAssetManager.resolve() returns local baseUrl and isOffline=true when both core files are cached" time="0.003">
    </testcase>
    <testcase classname="MonacoAssetManager.resolve() falls back to CDN when loader.js is not cached" name="MonacoAssetManager.resolve() falls back to CDN when loader.js is not cached" time="0.001">
    </testcase>
    <testcase classname="MonacoAssetManager.resolve() falls back to CDN when editor.main.js is not cached" name="MonacoAssetManager.resolve() falls back to CDN when editor.main.js is not cached" time="0">
    </testcase>
    <testcase classname="MonacoAssetManager.resolve() falls back to CDN when getInfoAsync throws" name="MonacoAssetManager.resolve() falls back to CDN when getInfoAsync throws" time="0">
    </testcase>
    <testcase classname="MonacoAssetManager.isOfflineAvailable() returns true when all core files exist" name="MonacoAssetManager.isOfflineAvailable() returns true when all core files exist" time="0.001">
    </testcase>
    <testcase classname="MonacoAssetManager.isOfflineAvailable() returns false when any core file is missing" name="MonacoAssetManager.isOfflineAvailable() returns false when any core file is missing" time="0">
    </testcase>
    <testcase classname="MonacoAssetManager.isOfflineAvailable() returns false when getInfoAsync throws" name="MonacoAssetManager.isOfflineAvailable() returns false when getInfoAsync throws" time="0">
    </testcase>
    <testcase classname="MonacoAssetManager.downloadForOffline() creates directories and downloads each core file" name="MonacoAssetManager.downloadForOffline() creates directories and downloads each core file" time="0.001">
    </testcase>
    <testcase classname="MonacoAssetManager.downloadForOffline() calls onProgress with 0–100 values" name="MonacoAssetManager.downloadForOffline() calls onProgress with 0–100 values" time="0.001">
    </testcase>
    <testcase classname="MonacoAssetManager.downloadForOffline() works without an onProgress callback" name="MonacoAssetManager.downloadForOffline() works without an onProgress callback" time="0.001">
    </testcase>
    <testcase classname="MonacoAssetManager.clearCache() calls deleteAsync on the monaco base directory" name="MonacoAssetManager.clearCache() calls deleteAsync on the monaco base directory" time="0.001">
    </testcase>
    <testcase classname="MonacoAssetManager.cacheDir returns a string containing the monaco version" name="MonacoAssetManager.cacheDir returns a string containing the monaco version" time="0.001">
    </testcase>
    <testcase classname="buildMonacoHtml() returns a non-empty HTML string" name="buildMonacoHtml() returns a non-empty HTML string" time="0">
    </testcase>
    <testcase classname="buildMonacoHtml() contains HTML5 doctype and body tags" name="buildMonacoHtml() contains HTML5 doctype and body tags" time="0">
    </testcase>
    <testcase classname="buildMonacoHtml() embeds the vsBaseUrl in the loader script src" name="buildMonacoHtml() embeds the vsBaseUrl in the loader script src" time="0">
    </testcase>
    <testcase classname="buildMonacoHtml() embeds a local file:// URL correctly" name="buildMonacoHtml() embeds a local file:// URL correctly" time="0">
    </testcase>
    <testcase classname="buildMonacoHtml() includes the Monaco require config" name="buildMonacoHtml() includes the Monaco require config" time="0">
    </testcase>
    <testcase classname="buildMonacoHtml() includes a loading indicator" name="buildMonacoHtml() includes a loading indicator" time="0.001">
    </testcase>
    <testcase classname="buildMonacoHtml() includes multi-cursor overlay element" name="buildMonacoHtml() includes multi-cursor overlay element" time="0">
    </testcase>
    <testcase classname="buildMonacoHtml() includes ReactNativeWebView.postMessage" name="buildMonacoHtml() includes ReactNativeWebView.postMessage" time="0">
    </testcase>
    <testcase classname="buildMonacoHtml() handles CDN fallback loader error" name="buildMonacoHtml() handles CDN fallback loader error" time="0">
    </testcase>
  </testsuite>
  <testsuite name="buildSandboxHtml" errors="0" failures="0" skipped="0" timestamp="2026-03-10T22:16:04" time="0.411" tests="17">
    <testcase classname="buildSandboxHtml returns a string containing valid HTML boilerplate" name="buildSandboxHtml returns a string containing valid HTML boilerplate" time="0.006">
    </testcase>
    <testcase classname="buildSandboxHtml embeds the extension id in the HTML" name="buildSandboxHtml embeds the extension id in the HTML" time="0">
    </testcase>
    <testcase classname="buildSandboxHtml embeds the extension source code in the HTML" name="buildSandboxHtml embeds the extension source code in the HTML" time="0">
    </testcase>
    <testcase classname="buildSandboxHtml includes the vscode API shim" name="buildSandboxHtml includes the vscode API shim" time="0">
    </testcase>
    <testcase classname="buildSandboxHtml wraps extension source in a try/catch" name="buildSandboxHtml wraps extension source in a try/catch" time="0">
    </testcase>
    <testcase classname="buildSandboxHtml properly escapes extension id containing quotes" name="buildSandboxHtml properly escapes extension id containing quotes" time="0">
    </testcase>
    <testcase classname="ExtensionRegistry registers and retrieves an extension" name="ExtensionRegistry registers and retrieves an extension" time="0.001">
    </testcase>
    <testcase classname="ExtensionRegistry lists all registered extensions" name="ExtensionRegistry lists all registered extensions" time="0">
    </testcase>
    <testcase classname="ExtensionRegistry unregisters an extension" name="ExtensionRegistry unregisters an extension" time="0.001">
    </testcase>
    <testcase classname="ExtensionRegistry returns undefined for unknown extension id" name="ExtensionRegistry returns undefined for unknown extension id" time="0.001">
    </testcase>
    <testcase classname="ExtensionRegistry dispatches messages to subscribed handlers" name="ExtensionRegistry dispatches messages to subscribed handlers" time="0">
    </testcase>
    <testcase classname="ExtensionRegistry does not call handler after unsubscribe" name="ExtensionRegistry does not call handler after unsubscribe" time="0.001">
    </testcase>
    <testcase classname="ExtensionRegistry supports multiple handlers" name="ExtensionRegistry supports multiple handlers" time="0.001">
    </testcase>
    <testcase classname="activateExtension registers the extension and returns sandbox HTML" name="activateExtension registers the extension and returns sandbox HTML" time="0.004">
    </testcase>
    <testcase classname="deactivateExtension removes the extension from the registry" name="deactivateExtension removes the extension from the registry" time="0.001">
    </testcase>
    <testcase classname="EXAMPLE_EXTENSION has required manifest fields" name="EXAMPLE_EXTENSION has required manifest fields" time="0.002">
    </testcase>
    <testcase classname="EXAMPLE_EXTENSION produces valid sandbox HTML" name="EXAMPLE_EXTENSION produces valid sandbox HTML" time="0">
    </testcase>
  </testsuite>
  <testsuite name="FileSystemBridge.listDirectory" errors="0" failures="0" skipped="0" timestamp="2026-03-10T22:16:04" time="0.425" tests="25">
    <testcase classname="FileSystemBridge.listDirectory returns sorted entries (dirs first, then files)" name="FileSystemBridge.listDirectory returns sorted entries (dirs first, then files)" time="0.018">
    </testcase>
    <testcase classname="FileSystemBridge.listDirectory returns empty array when directory does not exist" name="FileSystemBridge.listDirectory returns empty array when directory does not exist" time="0.001">
    </testcase>
    <testcase classname="FileSystemBridge.listDirectory returns empty array when path is a file, not a directory" name="FileSystemBridge.listDirectory returns empty array when path is a file, not a directory" time="0">
    </testcase>
    <testcase classname="FileSystemBridge.listDirectory normalizes paths that already end with /" name="FileSystemBridge.listDirectory normalizes paths that already end with /" time="0.001">
    </testcase>
    <testcase classname="FileSystemBridge.listDirectory appends missing trailing slash before calling getInfoAsync" name="FileSystemBridge.listDirectory appends missing trailing slash before calling getInfoAsync" time="0">
    </testcase>
    <testcase classname="FileSystemBridge.readFile returns file content as string" name="FileSystemBridge.readFile returns file content as string" time="0">
    </testcase>
    <testcase classname="FileSystemBridge.readFile propagates errors from expo-file-system" name="FileSystemBridge.readFile propagates errors from expo-file-system" time="0.014">
    </testcase>
    <testcase classname="FileSystemBridge.writeFile writes content with UTF-8 encoding" name="FileSystemBridge.writeFile writes content with UTF-8 encoding" time="0">
    </testcase>
    <testcase classname="FileSystemBridge.writeFile propagates write errors" name="FileSystemBridge.writeFile propagates write errors" time="0">
    </testcase>
    <testcase classname="FileSystemBridge.createFile creates file with empty string by default" name="FileSystemBridge.createFile creates file with empty string by default" time="0.001">
    </testcase>
    <testcase classname="FileSystemBridge.createFile creates file with provided initial content" name="FileSystemBridge.createFile creates file with provided initial content" time="0.001">
    </testcase>
    <testcase classname="FileSystemBridge.deleteEntry calls deleteAsync with idempotent flag" name="FileSystemBridge.deleteEntry calls deleteAsync with idempotent flag" time="0">
    </testcase>
    <testcase classname="FileSystemBridge.createDirectory calls makeDirectoryAsync with intermediates flag" name="FileSystemBridge.createDirectory calls makeDirectoryAsync with intermediates flag" time="0">
    </testcase>
    <testcase classname="FileSystemBridge.moveEntry calls moveAsync with from/to" name="FileSystemBridge.moveEntry calls moveAsync with from/to" time="0">
    </testcase>
    <testcase classname="FileSystemBridge.copyEntry calls copyAsync with from/to" name="FileSystemBridge.copyEntry calls copyAsync with from/to" time="0.001">
    </testcase>
    <testcase classname="FileSystemBridge.exists returns true when file exists" name="FileSystemBridge.exists returns true when file exists" time="0">
    </testcase>
    <testcase classname="FileSystemBridge.exists returns false when file does not exist" name="FileSystemBridge.exists returns false when file does not exist" time="0">
    </testcase>
    <testcase classname="FileSystemBridge.documentDirectory returns the expo document directory" name="FileSystemBridge.documentDirectory returns the expo document directory" time="0">
    </testcase>
    <testcase classname="GitBridge clone throws not-implemented" name="GitBridge clone throws not-implemented" time="0.005">
    </testcase>
    <testcase classname="GitBridge commit throws not-implemented" name="GitBridge commit throws not-implemented" time="0">
    </testcase>
    <testcase classname="GitBridge push throws not-implemented" name="GitBridge push throws not-implemented" time="0.001">
    </testcase>
    <testcase classname="GitBridge pull throws not-implemented" name="GitBridge pull throws not-implemented" time="0">
    </testcase>
    <testcase classname="GitBridge checkout throws not-implemented" name="GitBridge checkout throws not-implemented" time="0">
    </testcase>
    <testcase classname="GitBridge status returns a default status object" name="GitBridge status returns a default status object" time="0.001">
    </testcase>
    <testcase classname="GitBridge branches returns [&quot;main&quot;]" name="GitBridge branches returns [&quot;main&quot;]" time="0">
    </testcase>
  </testsuite>
  <testsuite name="getLanguageForFile" errors="0" failures="0" skipped="0" timestamp="2026-03-10T22:16:04" time="0.566" tests="18">
    <testcase classname="getLanguageForFile maps App.tsx → typescript" name="getLanguageForFile maps App.tsx → typescript" time="0.003">
    </testcase>
    <testcase classname="getLanguageForFile maps index.ts → typescript" name="getLanguageForFile maps index.ts → typescript" time="0">
    </testcase>
    <testcase classname="getLanguageForFile maps main.js → javascript" name="getLanguageForFile maps main.js → javascript" time="0">
    </testcase>
    <testcase classname="getLanguageForFile maps component.jsx → javascript" name="getLanguageForFile maps component.jsx → javascript" time="0">
    </testcase>
    <testcase classname="getLanguageForFile maps package.json → json" name="getLanguageForFile maps package.json → json" time="0">
    </testcase>
    <testcase classname="getLanguageForFile maps README.md → markdown" name="getLanguageForFile maps README.md → markdown" time="0.001">
    </testcase>
    <testcase classname="getLanguageForFile maps styles.css → css" name="getLanguageForFile maps styles.css → css" time="0">
    </testcase>
    <testcase classname="getLanguageForFile maps index.html → html" name="getLanguageForFile maps index.html → html" time="0">
    </testcase>
    <testcase classname="getLanguageForFile maps main.py → python" name="getLanguageForFile maps main.py → python" time="0">
    </testcase>
    <testcase classname="getLanguageForFile maps main.rs → rust" name="getLanguageForFile maps main.rs → rust" time="0">
    </testcase>
    <testcase classname="getLanguageForFile maps main.go → go" name="getLanguageForFile maps main.go → go" time="0">
    </testcase>
    <testcase classname="getLanguageForFile maps build.sh → shell" name="getLanguageForFile maps build.sh → shell" time="0">
    </testcase>
    <testcase classname="getLanguageForFile maps docker-compose.yml → yaml" name="getLanguageForFile maps docker-compose.yml → yaml" time="0">
    </testcase>
    <testcase classname="getLanguageForFile maps Dockerfile → dockerfile" name="getLanguageForFile maps Dockerfile → dockerfile" time="0">
    </testcase>
    <testcase classname="getLanguageForFile maps dockerfile.prod → dockerfile" name="getLanguageForFile maps dockerfile.prod → dockerfile" time="0">
    </testcase>
    <testcase classname="getLanguageForFile maps unknown.xyz → plaintext" name="getLanguageForFile maps unknown.xyz → plaintext" time="0">
    </testcase>
    <testcase classname="getLanguageForFile maps no-extension → plaintext" name="getLanguageForFile maps no-extension → plaintext" time="0">
    </testcase>
    <testcase classname="getLanguageForFile is case-insensitive for extensions" name="getLanguageForFile is case-insensitive for extensions" time="0">
    </testcase>
  </testsuite>
  <testsuite name="useIsTablet" errors="0" failures="0" skipped="0" timestamp="2026-03-10T22:16:04" time="0.97" tests="18">
    <testcase classname="useIsTablet returns true when width &gt; 768" name="useIsTablet returns true when width &gt; 768" time="0.01">
    </testcase>
    <testcase classname="useIsTablet returns false when width === 768" name="useIsTablet returns false when width === 768" time="0.001">
    </testcase>
    <testcase classname="useIsTablet returns false when width &lt; 768" name="useIsTablet returns false when width &lt; 768" time="0.001">
    </testcase>
    <testcase classname="useIsTablet returns true at exactly 769" name="useIsTablet returns true at exactly 769" time="0">
    </testcase>
    <testcase classname="TabletResponsive — tablet layout renders sidebar, main, and terminal" name="TabletResponsive — tablet layout renders sidebar, main, and terminal" time="0.341">
    </testcase>
    <testcase classname="TabletResponsive — tablet layout renders without terminal when terminal prop is null" name="TabletResponsive — tablet layout renders without terminal when terminal prop is null" time="0.001">
    </testcase>
    <testcase classname="TabletResponsive — tablet layout does not show the phone sidebar toggle button" name="TabletResponsive — tablet layout does not show the phone sidebar toggle button" time="0.001">
    </testcase>
    <testcase classname="TabletResponsive — phone layout renders main content" name="TabletResponsive — phone layout renders main content" time="0.009">
    </testcase>
    <testcase classname="TabletResponsive — phone layout shows the hamburger sidebar toggle button" name="TabletResponsive — phone layout shows the hamburger sidebar toggle button" time="0.004">
    </testcase>
    <testcase classname="TabletResponsive — phone layout sidebar is hidden by default on phone" name="TabletResponsive — phone layout sidebar is hidden by default on phone" time="0.002">
    </testcase>
    <testcase classname="TabletResponsive — phone layout shows sidebar drawer when toggle is pressed" name="TabletResponsive — phone layout shows sidebar drawer when toggle is pressed" time="0.003">
    </testcase>
    <testcase classname="TabletResponsive — phone layout changes toggle icon from ☰ to ✕ when drawer opens" name="TabletResponsive — phone layout changes toggle icon from ☰ to ✕ when drawer opens" time="0.006">
    </testcase>
    <testcase classname="TabletResponsive — phone layout closes drawer and shows ☰ again when ✕ is pressed" name="TabletResponsive — phone layout closes drawer and shows ☰ again when ✕ is pressed" time="0.003">
    </testcase>
    <testcase classname="TabletResponsive — phone layout closes drawer when the scrim (backdrop) is tapped" name="TabletResponsive — phone layout closes drawer when the scrim (backdrop) is tapped" time="0.002">
    </testcase>
    <testcase classname="TabletResponsive — phone layout renders terminal strip when terminal prop is provided" name="TabletResponsive — phone layout renders terminal strip when terminal prop is provided" time="0.004">
    </testcase>
    <testcase classname="TabletResponsive — phone layout does not render terminal when terminal prop is null" name="TabletResponsive — phone layout does not render terminal when terminal prop is null" time="0.002">
    </testcase>
    <testcase classname="TabletResponsive — custom dimensions accepts custom sidebarWidth prop without crashing" name="TabletResponsive — custom dimensions accepts custom sidebarWidth prop without crashing" time="0.001">
    </testcase>
    <testcase classname="TabletResponsive — custom dimensions accepts custom terminalHeight prop without crashing" name="TabletResponsive — custom dimensions accepts custom terminalHeight prop without crashing" time="0.002">
    </testcase>
  </testsuite>
  <testsuite name="Terminal" errors="0" failures="0" skipped="0" timestamp="2026-03-10T22:16:04" time="0.926" tests="12">
    <testcase classname="Terminal renders initial welcome lines" name="Terminal renders initial welcome lines" time="0.363">
    </testcase>
    <testcase classname="Terminal renders the prompt character" name="Terminal renders the prompt character" time="0.001">
    </testcase>
    <testcase classname="Terminal clears input after submitting a command" name="Terminal clears input after submitting a command" time="0.004">
    </testcase>
    <testcase classname="Terminal echoes the submitted command in the output" name="Terminal echoes the submitted command in the output" time="0.003">
    </testcase>
    <testcase classname="Terminal does nothing when empty input is submitted" name="Terminal does nothing when empty input is submitted" time="0.003">
    </testcase>
    <testcase classname="Terminal &quot;help&quot; outputs available commands" name="Terminal &quot;help&quot; outputs available commands" time="0.003">
    </testcase>
    <testcase classname="Terminal &quot;pwd&quot; outputs the working directory" name="Terminal &quot;pwd&quot; outputs the working directory" time="0.007">
    </testcase>
    <testcase classname="Terminal &quot;echo &lt;text&gt;&quot; outputs the text" name="Terminal &quot;echo &lt;text&gt;&quot; outputs the text" time="0.003">
    </testcase>
    <testcase classname="Terminal &quot;clear&quot; removes all output lines" name="Terminal &quot;clear&quot; removes all output lines" time="0.001">
    </testcase>
    <testcase classname="Terminal unknown command shows error message" name="Terminal unknown command shows error message" time="0.002">
    </testcase>
    <testcase classname="Terminal calls onCommand callback with the submitted command string" name="Terminal calls onCommand callback with the submitted command string" time="0.003">
    </testcase>
    <testcase classname="Terminal does not call onCommand for empty submissions" name="Terminal does not call onCommand for empty submissions" time="0.002">
    </testcase>
  </testsuite>
  <testsuite name="CommandPalette — rendering" errors="0" failures="0" skipped="0" timestamp="2026-03-10T22:16:04" time="1.096" tests="13">
    <testcase classname="CommandPalette — rendering renders all commands when query is empty" name="CommandPalette — rendering renders all commands when query is empty" time="0.417">
    </testcase>
    <testcase classname="CommandPalette — rendering renders shortcut badges" name="CommandPalette — rendering renders shortcut badges" time="0.01">
    </testcase>
    <testcase classname="CommandPalette — rendering renders descriptions when provided" name="CommandPalette — rendering renders descriptions when provided" time="0.005">
    </testcase>
    <testcase classname="CommandPalette — rendering renders the search input" name="CommandPalette — rendering renders the search input" time="0.004">
    </testcase>
    <testcase classname="CommandPalette — filtering filters commands by label (case-insensitive)" name="CommandPalette — filtering filters commands by label (case-insensitive)" time="0.011">
    </testcase>
    <testcase classname="CommandPalette — filtering filters commands by description" name="CommandPalette — filtering filters commands by description" time="0.004">
    </testcase>
    <testcase classname="CommandPalette — filtering shows &quot;No commands found&quot; when nothing matches" name="CommandPalette — filtering shows &quot;No commands found&quot; when nothing matches" time="0.004">
    </testcase>
    <testcase classname="CommandPalette — filtering shows all commands when query is cleared" name="CommandPalette — filtering shows all commands when query is cleared" time="0.006">
    </testcase>
    <testcase classname="CommandPalette — filtering matches partial substrings" name="CommandPalette — filtering matches partial substrings" time="0.004">
    </testcase>
    <testcase classname="CommandPalette — selection calls onSelect with the tapped command" name="CommandPalette — selection calls onSelect with the tapped command" time="0.003">
    </testcase>
    <testcase classname="CommandPalette — selection calls onSelect with the first filtered command on Enter" name="CommandPalette — selection calls onSelect with the first filtered command on Enter" time="0.003">
    </testcase>
    <testcase classname="CommandPalette — selection does not call onSelect on Enter when no commands match" name="CommandPalette — selection does not call onSelect on Enter when no commands match" time="0.003">
    </testcase>
    <testcase classname="CommandPalette — edge cases renders with an empty command list without crashing" name="CommandPalette — edge cases renders with an empty command list without crashing" time="0.002">
    </testcase>
  </testsuite>
  <testsuite name="Editor — empty state" errors="0" failures="0" skipped="0" timestamp="2026-03-10T22:16:04" time="1.514" tests="80">
    <testcase classname="Editor — empty state shows &quot;No files open&quot; when tabs array is empty" name="Editor — empty state shows &quot;No files open&quot; when tabs array is empty" time="0.37">
    </testcase>
    <testcase classname="Editor — empty state shows hint text when tabs array is empty" name="Editor — empty state shows hint text when tabs array is empty" time="0.003">
    </testcase>
    <testcase classname="Editor — empty state does not render the WebView when tabs are empty" name="Editor — empty state does not render the WebView when tabs are empty" time="0.002">
    </testcase>
    <testcase classname="Editor — tab bar renders tab labels for all open tabs" name="Editor — tab bar renders tab labels for all open tabs" time="0.029">
    </testcase>
    <testcase classname="Editor — tab bar renders the WebView when at least one tab is open" name="Editor — tab bar renders the WebView when at least one tab is open" time="0.056">
    </testcase>
    <testcase classname="Editor — tab bar renders a close button for each tab" name="Editor — tab bar renders a close button for each tab" time="0.009">
    </testcase>
    <testcase classname="Editor — tab bar shows a dirty indicator (●) prefix on dirty tabs" name="Editor — tab bar shows a dirty indicator (●) prefix on dirty tabs" time="0.008">
    </testcase>
    <testcase classname="Editor — tab bar does not show dirty indicator on clean tabs" name="Editor — tab bar does not show dirty indicator on clean tabs" time="0.008">
    </testcase>
    <testcase classname="Editor — tab interactions calls onTabChange with the path when a tab is pressed" name="Editor — tab interactions calls onTabChange with the path when a tab is pressed" time="0.009">
    </testcase>
    <testcase classname="Editor — tab interactions calls onTabClose with the path when the × button is pressed" name="Editor — tab interactions calls onTabClose with the path when the × button is pressed" time="0.008">
    </testcase>
    <testcase classname="Editor — tab interactions calls onTabClose for the correct tab when multiple tabs are open" name="Editor — tab interactions calls onTabClose for the correct tab when multiple tabs are open" time="0.009">
    </testcase>
    <testcase classname="Editor — multiple tabs renders correctly with many tabs" name="Editor — multiple tabs renders correctly with many tabs" time="0.016">
    </testcase>
    <testcase classname="Editor — multiple tabs renders with null activeTabPath without crashing" name="Editor — multiple tabs renders with null activeTabPath without crashing" time="0.009">
    </testcase>
    <testcase classname="Editor — path breadcrumb shows the active file path below the tab bar" name="Editor — path breadcrumb shows the active file path below the tab bar" time="0.015">
    </testcase>
    <testcase classname="Editor — path breadcrumb updates path when a different tab is active" name="Editor — path breadcrumb updates path when a different tab is active" time="0.008">
    </testcase>
    <testcase classname="Editor — path breadcrumb does not render path bar in empty state" name="Editor — path breadcrumb does not render path bar in empty state" time="0.001">
    </testcase>
    <testcase classname="canPreview markdown → true" name="canPreview markdown → true" time="0">
    </testcase>
    <testcase classname="canPreview html → true" name="canPreview html → true" time="0">
    </testcase>
    <testcase classname="canPreview json → true" name="canPreview json → true" time="0">
    </testcase>
    <testcase classname="canPreview typescript → false" name="canPreview typescript → false" time="0">
    </testcase>
    <testcase classname="canPreview javascript → false" name="canPreview javascript → false" time="0">
    </testcase>
    <testcase classname="canPreview plaintext → false" name="canPreview plaintext → false" time="0">
    </testcase>
    <testcase classname="buildPreviewHtml returns markdown preview HTML for markdown language" name="buildPreviewHtml returns markdown preview HTML for markdown language" time="0.001">
    </testcase>
    <testcase classname="buildPreviewHtml returns HTML preview HTML for html language" name="buildPreviewHtml returns HTML preview HTML for html language" time="0">
    </testcase>
    <testcase classname="buildPreviewHtml returns JSON tree preview HTML for json language" name="buildPreviewHtml returns JSON tree preview HTML for json language" time="0">
    </testcase>
    <testcase classname="buildPreviewHtml returns JSON error preview when json is invalid" name="buildPreviewHtml returns JSON error preview when json is invalid" time="0">
    </testcase>
    <testcase classname="buildPreviewHtml returns no-preview message for unsupported language" name="buildPreviewHtml returns no-preview message for unsupported language" time="0">
    </testcase>
    <testcase classname="Editor — toolbar interactions decrements font size when A- is pressed" name="Editor — toolbar interactions decrements font size when A- is pressed" time="0.057">
    </testcase>
    <testcase classname="Editor — toolbar interactions increments font size when A+ is pressed" name="Editor — toolbar interactions increments font size when A+ is pressed" time="0.056">
    </testcase>
    <testcase classname="Editor — toolbar interactions sends a command when a toolbar action button is pressed" name="Editor — toolbar interactions sends a command when a toolbar action button is pressed" time="0.055">
    </testcase>
    <testcase classname="Editor — toolbar interactions toggles multicursor mode on and shows the badge" name="Editor — toolbar interactions toggles multicursor mode on and shows the badge" time="0.056">
    </testcase>
    <testcase classname="Editor — toolbar interactions dismisses multicursor badge when its close button is pressed" name="Editor — toolbar interactions dismisses multicursor badge when its close button is pressed" time="0.061">
    </testcase>
    <testcase classname="Editor — toolbar interactions preview button is disabled for non-previewable language" name="Editor — toolbar interactions preview button is disabled for non-previewable language" time="0.055">
    </testcase>
    <testcase classname="Editor — toolbar interactions shows preview pane when preview is toggled for a markdown file" name="Editor — toolbar interactions shows preview pane when preview is toggled for a markdown file" time="0.062">
    </testcase>
    <testcase classname="getLanguageForFile App.tsx → typescript" name="getLanguageForFile App.tsx → typescript" time="0.001">
    </testcase>
    <testcase classname="getLanguageForFile index.ts → typescript" name="getLanguageForFile index.ts → typescript" time="0">
    </testcase>
    <testcase classname="getLanguageForFile App.jsx → javascript" name="getLanguageForFile App.jsx → javascript" time="0">
    </testcase>
    <testcase classname="getLanguageForFile index.js → javascript" name="getLanguageForFile index.js → javascript" time="0">
    </testcase>
    <testcase classname="getLanguageForFile module.mjs → javascript" name="getLanguageForFile module.mjs → javascript" time="0">
    </testcase>
    <testcase classname="getLanguageForFile lib.cjs → javascript" name="getLanguageForFile lib.cjs → javascript" time="0">
    </testcase>
    <testcase classname="getLanguageForFile style.css → css" name="getLanguageForFile style.css → css" time="0">
    </testcase>
    <testcase classname="getLanguageForFile theme.scss → scss" name="getLanguageForFile theme.scss → scss" time="0">
    </testcase>
    <testcase classname="getLanguageForFile vars.less → less" name="getLanguageForFile vars.less → less" time="0.001">
    </testcase>
    <testcase classname="getLanguageForFile index.html → html" name="getLanguageForFile index.html → html" time="0">
    </testcase>
    <testcase classname="getLanguageForFile page.htm → html" name="getLanguageForFile page.htm → html" time="0">
    </testcase>
    <testcase classname="getLanguageForFile feed.xml → xml" name="getLanguageForFile feed.xml → xml" time="0">
    </testcase>
    <testcase classname="getLanguageForFile config.json → json" name="getLanguageForFile config.json → json" time="0">
    </testcase>
    <testcase classname="getLanguageForFile settings.jsonc → json" name="getLanguageForFile settings.jsonc → json" time="0">
    </testcase>
    <testcase classname="getLanguageForFile README.md → markdown" name="getLanguageForFile README.md → markdown" time="0">
    </testcase>
    <testcase classname="getLanguageForFile post.mdx → markdown" name="getLanguageForFile post.mdx → markdown" time="0.001">
    </testcase>
    <testcase classname="getLanguageForFile ci.yaml → yaml" name="getLanguageForFile ci.yaml → yaml" time="0">
    </testcase>
    <testcase classname="getLanguageForFile ci.yml → yaml" name="getLanguageForFile ci.yml → yaml" time="0">
    </testcase>
    <testcase classname="getLanguageForFile config.toml → ini" name="getLanguageForFile config.toml → ini" time="0">
    </testcase>
    <testcase classname="getLanguageForFile .env → ini" name="getLanguageForFile .env → ini" time="0">
    </testcase>
    <testcase classname="getLanguageForFile schema.sql → sql" name="getLanguageForFile schema.sql → sql" time="0">
    </testcase>
    <testcase classname="getLanguageForFile query.graphql → graphql" name="getLanguageForFile query.graphql → graphql" time="0">
    </testcase>
    <testcase classname="getLanguageForFile main.rs → rust" name="getLanguageForFile main.rs → rust" time="0">
    </testcase>
    <testcase classname="getLanguageForFile main.go → go" name="getLanguageForFile main.go → go" time="0">
    </testcase>
    <testcase classname="getLanguageForFile App.swift → swift" name="getLanguageForFile App.swift → swift" time="0">
    </testcase>
    <testcase classname="getLanguageForFile main.c → c" name="getLanguageForFile main.c → c" time="0.001">
    </testcase>
    <testcase classname="getLanguageForFile main.cpp → cpp" name="getLanguageForFile main.cpp → cpp" time="0">
    </testcase>
    <testcase classname="getLanguageForFile header.h → c" name="getLanguageForFile header.h → c" time="0">
    </testcase>
    <testcase classname="getLanguageForFile header.hpp → cpp" name="getLanguageForFile header.hpp → cpp" time="0">
    </testcase>
    <testcase classname="getLanguageForFile Main.java → java" name="getLanguageForFile Main.java → java" time="0">
    </testcase>
    <testcase classname="getLanguageForFile Main.kt → kotlin" name="getLanguageForFile Main.kt → kotlin" time="0">
    </testcase>
    <testcase classname="getLanguageForFile script.py → python" name="getLanguageForFile script.py → python" time="0">
    </testcase>
    <testcase classname="getLanguageForFile app.rb → ruby" name="getLanguageForFile app.rb → ruby" time="0">
    </testcase>
    <testcase classname="getLanguageForFile index.php → php" name="getLanguageForFile index.php → php" time="0.001">
    </testcase>
    <testcase classname="getLanguageForFile build.sh → shell" name="getLanguageForFile build.sh → shell" time="0">
    </testcase>
    <testcase classname="getLanguageForFile run.bash → shell" name="getLanguageForFile run.bash → shell" time="0">
    </testcase>
    <testcase classname="getLanguageForFile setup.zsh → shell" name="getLanguageForFile setup.zsh → shell" time="0">
    </testcase>
    <testcase classname="getLanguageForFile Dockerfile → dockerfile" name="getLanguageForFile Dockerfile → dockerfile" time="0">
    </testcase>
    <testcase classname="getLanguageForFile Dockerfile.dev → dockerfile" name="getLanguageForFile Dockerfile.dev → dockerfile" time="0">
    </testcase>
    <testcase classname="getLanguageForFile notes.txt → plaintext" name="getLanguageForFile notes.txt → plaintext" time="0">
    </testcase>
    <testcase classname="getLanguageForFile binary.bin → plaintext" name="getLanguageForFile binary.bin → plaintext" time="0">
    </testcase>
    <testcase classname="getLanguageForFile no-extension → plaintext" name="getLanguageForFile no-extension → plaintext" time="0.001">
    </testcase>
    <testcase classname="getLanguageForFile is case-insensitive for extensions" name="getLanguageForFile is case-insensitive for extensions" time="0">
    </testcase>
    <testcase classname="getLanguageForFile handles files with multiple dots correctly" name="getLanguageForFile handles files with multiple dots correctly" time="0">
    </testcase>
    <testcase classname="Editor — keyboard avoidance wraps the editor in a KeyboardAvoidingView with correct behavior and offset" name="Editor — keyboard avoidance wraps the editor in a KeyboardAvoidingView with correct behavior and offset" time="0.008">
    </testcase>
    <testcase classname="Editor — keyboard avoidance wraps the empty state in a KeyboardAvoidingView with correct behavior" name="Editor — keyboard avoidance wraps the empty state in a KeyboardAvoidingView with correct behavior" time="0.001">
    </testcase>
  </testsuite>
  <testsuite name="FileExplorer — loading" errors="0" failures="0" skipped="0" timestamp="2026-03-10T22:16:04" time="1.73" tests="16">
    <testcase classname="FileExplorer — loading shows a loading indicator while the directory is being fetched" name="FileExplorer — loading shows a loading indicator while the directory is being fetched" time="0.355">
    </testcase>
    <testcase classname="FileExplorer — loading hides the loading indicator once data arrives" name="FileExplorer — loading hides the loading indicator once data arrives" time="0.056">
    </testcase>
    <testcase classname="FileExplorer — rendering renders the EXPLORER header" name="FileExplorer — rendering renders the EXPLORER header" time="0.053">
    </testcase>
    <testcase classname="FileExplorer — rendering renders files returned by FileSystemBridge" name="FileExplorer — rendering renders files returned by FileSystemBridge" time="0.052">
    </testcase>
    <testcase classname="FileExplorer — rendering renders an empty list without crashing when directory is empty" name="FileExplorer — rendering renders an empty list without crashing when directory is empty" time="0.052">
    </testcase>
    <testcase classname="FileExplorer — rendering renders directory entries with the expand icon ▸" name="FileExplorer — rendering renders directory entries with the expand icon ▸" time="0.052">
    </testcase>
    <testcase classname="FileExplorer — rendering renders file entries with the bullet icon ·" name="FileExplorer — rendering renders file entries with the bullet icon ·" time="0.053">
    </testcase>
    <testcase classname="FileExplorer — file selection calls onFileSelect with the file path when a file is tapped" name="FileExplorer — file selection calls onFileSelect with the file path when a file is tapped" time="0.055">
    </testcase>
    <testcase classname="FileExplorer — file selection does not call onFileSelect when a directory is tapped" name="FileExplorer — file selection does not call onFileSelect when a directory is tapped" time="0.061">
    </testcase>
    <testcase classname="FileExplorer — expand/collapse expands a directory and shows children on tap" name="FileExplorer — expand/collapse expands a directory and shows children on tap" time="0.053">
    </testcase>
    <testcase classname="FileExplorer — expand/collapse changes directory icon from ▸ to ▾ when expanded" name="FileExplorer — expand/collapse changes directory icon from ▸ to ▾ when expanded" time="0.053">
    </testcase>
    <testcase classname="FileExplorer — expand/collapse collapses a directory and hides children on second tap" name="FileExplorer — expand/collapse collapses a directory and hides children on second tap" time="0.054">
    </testcase>
    <testcase classname="FileExplorer — expand/collapse restores ▸ icon after collapse" name="FileExplorer — expand/collapse restores ▸ icon after collapse" time="0.055">
    </testcase>
    <testcase classname="FileExplorer — deletion calls onFileDelete with path on long-press" name="FileExplorer — deletion calls onFileDelete with path on long-press" time="0.051">
    </testcase>
    <testcase classname="FileExplorer — deletion does not crash if onFileDelete is not provided" name="FileExplorer — deletion does not crash if onFileDelete is not provided" time="0.053">
    </testcase>
    <testcase classname="FileExplorer — error handling does not crash when listDirectory rejects" name="FileExplorer — error handling does not crash when listDirectory rejects" time="0.051">
    </testcase>
  </testsuite>
</testsuites>